# JRE version: Java(TM) SE Runtime Environment (17.0.8+9) (build 17.0.8+9-LTS-211)
# Java VM: Java HotSpot(TM) 64-Bit Server VM (17.0.8+9-LTS-211, mixed mode, sharing, tiered, compressed oops, compressed class ptrs, g1 gc, windows-amd64)
GC Precious Log:
 CPUs: 8 total, 8 available
 Memory: 6020M
 Large Page Support: Disabled
 NUMA Support: Disabled
 Compressed Oops: Enabled (32-bit)
 Heap Region Size: 1M
 Heap Min Capacity: 8M
 Heap Initial Capacity: 96M
 Heap Max Capacity: 512M
 Pre-touch: Disabled
 Parallel Workers: 8
 Concurrent Workers: 2
 Concurrent Refinement Workers: 8
 Periodic GC: Disabled
Heap:
 garbage-first heap   total 98304K, used 48548K [0x00000000e0000000, 0x0000000100000000)
  region size 1024K, 1 young (1024K), 1 survivors (1024K)
 Metaspace       used 17035K, committed 17280K, reserved 1114112K
  class space    used 1936K, committed 2048K, reserved 1048576K
GC Heap History (17 events):
Event: 1.375 GC heap before
{Heap before GC invocations=0 (full 0):
 garbage-first heap   total 98304K, used 22528K [0x00000000e0000000, 0x0000000100000000)
  region size 1024K, 23 young (23552K), 0 survivors (0K)
 Metaspace       used 5496K, committed 5696K, reserved 1114112K
  class space    used 658K, committed 768K, reserved 1048576K
}
Event: 1.386 GC heap after
{Heap after GC invocations=1 (full 0):
 garbage-first heap   total 98304K, used 3812K [0x00000000e0000000, 0x0000000100000000)
  region size 1024K, 3 young (3072K), 3 survivors (3072K)
 Metaspace       used 5496K, committed 5696K, reserved 1114112K
  class space    used 658K, committed 768K, reserved 1048576K
}
Event: 3.142 GC heap before
{Heap before GC invocations=1 (full 0):
 garbage-first heap   total 98304K, used 33508K [0x00000000e0000000, 0x0000000100000000)
  region size 1024K, 32 young (32768K), 3 survivors (3072K)
 Metaspace       used 10284K, committed 10432K, reserved 1114112K
  class space    used 1263K, committed 1344K, reserved 1048576K
}
Event: 3.155 GC heap after
{Heap after GC invocations=2 (full 0):
 garbage-first heap   total 98304K, used 5842K [0x00000000e0000000, 0x0000000100000000)
  region size 1024K, 2 young (2048K), 2 survivors (2048K)
 Metaspace       used 10284K, committed 10432K, reserved 1114112K
  class space    used 1263K, committed 1344K, reserved 1048576K
}
Event: 5.290 GC heap before
{Heap before GC invocations=2 (full 0):
 garbage-first heap   total 98304K, used 62162K [0x00000000e0000000, 0x0000000100000000)
  region size 1024K, 57 young (58368K), 2 survivors (2048K)
 Metaspace       used 14651K, committed 14848K, reserved 1114112K
  class space    used 1756K, committed 1856K, reserved 1048576K
}
Event: 5.334 GC heap after
{Heap after GC invocations=3 (full 0):
 garbage-first heap   total 98304K, used 15360K [0x00000000e0000000, 0x0000000100000000)
  region size 1024K, 8 young (8192K), 8 survivors (8192K)
 Metaspace       used 14651K, committed 14848K, reserved 1114112K
  class space    used 1756K, committed 1856K, reserved 1048576K
}
Event: 6.225 GC heap before
{Heap before GC invocations=3 (full 0):
 garbage-first heap   total 98304K, used 59392K [0x00000000e0000000, 0x0000000100000000)
  region size 1024K, 51 young (52224K), 8 survivors (8192K)
 Metaspace       used 15462K, committed 15680K, reserved 1114112K
  class space    used 1819K, committed 1920K, reserved 1048576K
}
Event: 6.265 GC heap after
{Heap after GC invocations=4 (full 0):
 garbage-first heap   total 98304K, used 22075K [0x00000000e0000000, 0x0000000100000000)
  region size 1024K, 7 young (7168K), 7 survivors (7168K)
 Metaspace       used 15462K, committed 15680K, reserved 1114112K
  class space    used 1819K, committed 1920K, reserved 1048576K
}
Event: 7.081 GC heap before
{Heap before GC invocations=4 (full 0):
 garbage-first heap   total 98304K, used 64059K [0x00000000e0000000, 0x0000000100000000)
  region size 1024K, 48 young (49152K), 7 survivors (7168K)
 Metaspace       used 15822K, committed 16064K, reserved 1114112K
  class space    used 1824K, committed 1920K, reserved 1048576K
}
Event: 7.106 GC heap after
{Heap after GC invocations=5 (full 0):
 garbage-first heap   total 98304K, used 24576K [0x00000000e0000000, 0x0000000100000000)
  region size 1024K, 3 young (3072K), 3 survivors (3072K)
 Metaspace       used 15822K, committed 16064K, reserved 1114112K
  class space    used 1824K, committed 1920K, reserved 1048576K
}
Event: 8.525 GC heap before
{Heap before GC invocations=5 (full 0):
 garbage-first heap   total 98304K, used 82944K [0x00000000e0000000, 0x0000000100000000)
  region size 1024K, 41 young (41984K), 3 survivors (3072K)
 Metaspace       used 17019K, committed 17280K, reserved 1114112K
  class space    used 1934K, committed 2048K, reserved 1048576K
}
Event: 8.539 GC heap after
{Heap after GC invocations=6 (full 0):
 garbage-first heap   total 98304K, used 48640K [0x00000000e0000000, 0x0000000100000000)
  region size 1024K, 6 young (6144K), 6 survivors (6144K)
 Metaspace       used 17019K, committed 17280K, reserved 1114112K
  class space    used 1934K, committed 2048K, reserved 1048576K
}
Event: 8.550 GC heap before
{Heap before GC invocations=6 (full 0):
 garbage-first heap   total 98304K, used 60928K [0x00000000e0000000, 0x0000000100000000)
  region size 1024K, 7 young (7168K), 6 survivors (6144K)
 Metaspace       used 17035K, committed 17280K, reserved 1114112K
  class space    used 1936K, committed 2048K, reserved 1048576K
}
Event: 8.560 GC heap after
{Heap after GC invocations=7 (full 0):
 garbage-first heap   total 98304K, used 29003K [0x00000000e0000000, 0x0000000100000000)
  region size 1024K, 1 young (1024K), 1 survivors (1024K)
 Metaspace       used 17035K, committed 17280K, reserved 1114112K
  class space    used 1936K, committed 2048K, reserved 1048576K
}
Event: 8.562 GC heap before
{Heap before GC invocations=7 (full 0):
 garbage-first heap   total 98304K, used 37195K [0x00000000e0000000, 0x0000000100000000)
  region size 1024K, 2 young (2048K), 1 survivors (1024K)
 Metaspace       used 17035K, committed 17280K, reserved 1114112K
  class space    used 1936K, committed 2048K, reserved 1048576K
}
Event: 8.563 GC heap after
{Heap after GC invocations=8 (full 0):
 garbage-first heap   total 98304K, used 36440K [0x00000000e0000000, 0x0000000100000000)
  region size 1024K, 1 young (1024K), 1 survivors (1024K)
 Metaspace       used 17035K, committed 17280K, reserved 1114112K
  class space    used 1936K, committed 2048K, reserved 1048576K
}
Event: 8.566 GC heap before
{Heap before GC invocations=8 (full 0):
 garbage-first heap   total 98304K, used 48728K [0x00000000e0000000, 0x0000000100000000)
  region size 1024K, 2 young (2048K), 1 survivors (1024K)
 Metaspace       used 17035K, committed 17280K, reserved 1114112K
  class space    used 1936K, committed 2048K, reserved 1048576K
}

