# JRE version: Java(TM) SE Runtime Environment (17.0.8+9) (build 17.0.8+9-LTS-211)
# Java VM: Java HotSpot(TM) 64-Bit Server VM (17.0.8+9-LTS-211, mixed mode, sharing, tiered, compressed oops, compressed class ptrs, g1 gc, windows-amd64)
GC Precious Log:
 CPUs: 8 total, 8 available
 Memory: 6020M
 Large Page Support: Disabled
 NUMA Support: Disabled
 Compressed Oops: Enabled (32-bit)
 Heap Region Size: 1M
 Heap Min Capacity: 8M
 Heap Initial Capacity: 96M
 Heap Max Capacity: 1506M
 Pre-touch: Disabled
 Parallel Workers: 8
 Concurrent Workers: 2
 Concurrent Refinement Workers: 8
 Periodic GC: Disabled
Heap:
 garbage-first heap   total 236544K, used 93190K [0x00000000a1e00000, 0x0000000100000000)
  region size 1024K, 1 young (1024K), 1 survivors (1024K)
 Metaspace       used 35865K, committed 36288K, reserved 1114112K
  class space    used 4020K, committed 4224K, reserved 1048576K
GC Heap History (20 events):
Event: 35.083 GC heap after
{Heap after GC invocations=35 (full 0):
 garbage-first heap   total 236544K, used 92510K [0x00000000a1e00000, 0x0000000100000000)
  region size 1024K, 2 young (2048K), 2 survivors (2048K)
 Metaspace       used 33813K, committed 34240K, reserved 1114112K
  class space    used 3792K, committed 4032K, reserved 1048576K
}
Event: 36.435 GC heap before
{Heap before GC invocations=35 (full 0):
 garbage-first heap   total 236544K, used 139614K [0x00000000a1e00000, 0x0000000100000000)
  region size 1024K, 50 young (51200K), 2 survivors (2048K)
 Metaspace       used 35558K, committed 36032K, reserved 1114112K
  class space    used 4000K, committed 4224K, reserved 1048576K
}
Event: 36.440 GC heap after
{Heap after GC invocations=36 (full 0):
 garbage-first heap   total 236544K, used 94989K [0x00000000a1e00000, 0x0000000100000000)
  region size 1024K, 4 young (4096K), 4 survivors (4096K)
 Metaspace       used 35558K, committed 36032K, reserved 1114112K
  class space    used 4000K, committed 4224K, reserved 1048576K
}
Event: 37.212 GC heap before
{Heap before GC invocations=37 (full 0):
 garbage-first heap   total 236544K, used 222925K [0x00000000a1e00000, 0x0000000100000000)
  region size 1024K, 41 young (41984K), 4 survivors (4096K)
 Metaspace       used 33890K, committed 35008K, reserved 1114112K
  class space    used 3787K, committed 4224K, reserved 1048576K
}
Event: 37.220 GC heap after
{Heap after GC invocations=38 (full 0):
 garbage-first heap   total 236544K, used 101052K [0x00000000a1e00000, 0x0000000100000000)
  region size 1024K, 10 young (10240K), 10 survivors (10240K)
 Metaspace       used 33890K, committed 35008K, reserved 1114112K
  class space    used 3787K, committed 4224K, reserved 1048576K
}
Event: 37.230 GC heap before
{Heap before GC invocations=38 (full 0):
 garbage-first heap   total 236544K, used 102076K [0x00000000a1e00000, 0x0000000100000000)
  region size 1024K, 11 young (11264K), 10 survivors (10240K)
 Metaspace       used 33890K, committed 35008K, reserved 1114112K
  class space    used 3787K, committed 4224K, reserved 1048576K
}
Event: 37.238 GC heap after
{Heap after GC invocations=39 (full 0):
 garbage-first heap   total 236544K, used 81477K [0x00000000a1e00000, 0x0000000100000000)
  region size 1024K, 2 young (2048K), 2 survivors (2048K)
 Metaspace       used 33890K, committed 35008K, reserved 1114112K
  class space    used 3787K, committed 4224K, reserved 1048576K
}
Event: 37.355 GC heap before
{Heap before GC invocations=39 (full 0):
 garbage-first heap   total 236544K, used 88645K [0x00000000a1e00000, 0x0000000100000000)
  region size 1024K, 10 young (10240K), 2 survivors (2048K)
 Metaspace       used 33890K, committed 35008K, reserved 1114112K
  class space    used 3787K, committed 4224K, reserved 1048576K
}
Event: 37.358 GC heap after
{Heap after GC invocations=40 (full 0):
 garbage-first heap   total 236544K, used 83485K [0x00000000a1e00000, 0x0000000100000000)
  region size 1024K, 4 young (4096K), 4 survivors (4096K)
 Metaspace       used 33890K, committed 35008K, reserved 1114112K
  class space    used 3787K, committed 4224K, reserved 1048576K
}
Event: 38.999 GC heap before
{Heap before GC invocations=41 (full 0):
 garbage-first heap   total 236544K, used 159261K [0x00000000a1e00000, 0x0000000100000000)
  region size 1024K, 83 young (84992K), 4 survivors (4096K)
 Metaspace       used 34199K, committed 34688K, reserved 1114112K
  class space    used 3824K, committed 4096K, reserved 1048576K
}
Event: 39.008 GC heap after
{Heap after GC invocations=42 (full 0):
 garbage-first heap   total 236544K, used 88400K [0x00000000a1e00000, 0x0000000100000000)
  region size 1024K, 11 young (11264K), 11 survivors (11264K)
 Metaspace       used 34199K, committed 34688K, reserved 1114112K
  class space    used 3824K, committed 4096K, reserved 1048576K
}
Event: 39.021 GC heap before
{Heap before GC invocations=42 (full 0):
 garbage-first heap   total 236544K, used 89424K [0x00000000a1e00000, 0x0000000100000000)
  region size 1024K, 12 young (12288K), 11 survivors (11264K)
 Metaspace       used 34207K, committed 34688K, reserved 1114112K
  class space    used 3824K, committed 4096K, reserved 1048576K
}
Event: 39.029 GC heap after
{Heap after GC invocations=43 (full 0):
 garbage-first heap   total 236544K, used 81350K [0x00000000a1e00000, 0x0000000100000000)
  region size 1024K, 2 young (2048K), 2 survivors (2048K)
 Metaspace       used 34207K, committed 34688K, reserved 1114112K
  class space    used 3824K, committed 4096K, reserved 1048576K
}
Event: 39.497 GC heap before
{Heap before GC invocations=43 (full 0):
 garbage-first heap   total 236544K, used 96710K [0x00000000a1e00000, 0x0000000100000000)
  region size 1024K, 18 young (18432K), 2 survivors (2048K)
 Metaspace       used 34474K, committed 34944K, reserved 1114112K
  class space    used 3849K, committed 4096K, reserved 1048576K
}
Event: 39.500 GC heap after
{Heap after GC invocations=44 (full 0):
 garbage-first heap   total 236544K, used 82090K [0x00000000a1e00000, 0x0000000100000000)
  region size 1024K, 2 young (2048K), 2 survivors (2048K)
 Metaspace       used 34474K, committed 34944K, reserved 1114112K
  class space    used 3849K, committed 4096K, reserved 1048576K
}
Event: 41.439 GC heap before
{Heap before GC invocations=45 (full 0):
 garbage-first heap   total 236544K, used 173226K [0x00000000a1e00000, 0x0000000100000000)
  region size 1024K, 87 young (89088K), 2 survivors (2048K)
 Metaspace       used 35737K, committed 36224K, reserved 1114112K
  class space    used 4004K, committed 4224K, reserved 1048576K
}
Event: 41.454 GC heap after
{Heap after GC invocations=46 (full 0):
 garbage-first heap   total 236544K, used 105381K [0x00000000a1e00000, 0x0000000100000000)
  region size 1024K, 11 young (11264K), 11 survivors (11264K)
 Metaspace       used 35737K, committed 36224K, reserved 1114112K
  class space    used 4004K, committed 4224K, reserved 1048576K
}
Event: 41.489 GC heap before
{Heap before GC invocations=46 (full 0):
 garbage-first heap   total 236544K, used 106405K [0x00000000a1e00000, 0x0000000100000000)
  region size 1024K, 12 young (12288K), 11 survivors (11264K)
 Metaspace       used 35784K, committed 36224K, reserved 1114112K
  class space    used 4011K, committed 4224K, reserved 1048576K
}
Event: 41.499 GC heap after
{Heap after GC invocations=47 (full 0):
 garbage-first heap   total 236544K, used 93269K [0x00000000a1e00000, 0x0000000100000000)
  region size 1024K, 1 young (1024K), 1 survivors (1024K)
 Metaspace       used 35784K, committed 36224K, reserved 1114112K
  class space    used 4011K, committed 4224K, reserved 1048576K
}
Event: 41.773 GC heap before
{Heap before GC invocations=47 (full 0):
 garbage-first heap   total 236544K, used 99413K [0x00000000a1e00000, 0x0000000100000000)
  region size 1024K, 8 young (8192K), 1 survivors (1024K)
 Metaspace       used 35865K, committed 36288K, reserved 1114112K
  class space    used 4020K, committed 4224K, reserved 1048576K
}

